{"type":"server-started","port":56073,"host":"127.0.0.1","url_host":"localhost","url":"http://localhost:56073","screen_dir":"/Users/salma/Documents/Research/DefCrow/.superpowers/brainstorm/25951-1780673608/content","state_dir":"/Users/salma/Documents/Research/DefCrow/.superpowers/brainstorm/25951-1780673608/state"}
{"type":"screen-added","file":"/Users/salma/Documents/Research/DefCrow/.superpowers/brainstorm/25951-1780673608/content/loader-types.html"}
{"source":"user-event","type":"click","text":"3\n    \n      AppDomain Loader + .config\n      DLL khusus yang memuat .NET assembly ke AppDomain proses target. Disertai file .config untuk CLR version dan runtime policy.","choice":"appdomain","id":null,"timestamp":1780673654992}
{"source":"user-event","type":"click","text":"2\n    \n      DLL (.dll)\n      Dynamic library dengan export DllRegisterServer / DllGetClassObject. Dipakai untuk AppDomain injection dan sideloading.","choice":"dll","id":null,"timestamp":1780673656159}
{"source":"user-event","type":"click","text":"1\n    \n      Binary (.exe)\n      Standalone executable Windows. Shellcode dijalankan langsung dalam proses sendiri.","choice":"binary","id":null,"timestamp":1780673659989}
{"source":"user-event","type":"click","text":"1\n    \n      Binary (.exe)\n      Standalone executable Windows. Shellcode dijalankan langsung dalam proses sendiri.","choice":"binary","id":null,"timestamp":1780673662321}
{"source":"user-event","type":"click","text":"4\n    \n      Shellcode Injector (Process Injection)\n      Inject shellcode ke proses Windows yang sudah berjalan via NtQueueApcThreadEx / VirtualAllocEx.","choice":"shellcode","id":null,"timestamp":1780673674168}
{"type":"screen-added","file":"/Users/salma/Documents/Research/DefCrow/.superpowers/brainstorm/25951-1780673608/content/opsec-features.html"}
{"source":"user-event","type":"click","text":"A\n      \n        Direct Syscalls (SysWhispers3-style)\n        Bypass EDR hooks dengan memanggil syscall langsung via SSN — tidak melewati ntdll.dll yang di-hook.","choice":"direct_syscall","id":null,"timestamp":1780673770214}
{"source":"user-event","type":"click","text":"B\n      \n        NTDLL Unhooking (Disk / KnownDLLs)\n        Baca versi bersih ntdll.dll dari disk atau KnownDLLs, timpa .text section yang di-hook EDR.","choice":"unhook_disk","id":null,"timestamp":1780673770954}
{"source":"user-event","type":"click","text":"C\n      \n        Module Stomping\n        Map shellcode ke ruang memori modul legit yang sudah di-load (bukan MEM_PRIVATE), menghindari deteksi berbasis memory scan.","choice":"module_stomp","id":null,"timestamp":1780673771579}
{"source":"user-event","type":"click","text":"D\n      \n        Sleep Encryption (Ekko/Foliage)\n        Enkripsi seluruh region shellcode di memori saat sleep — mencegah memory scanner menemukan payload saat idle.","choice":"sleep_encrypt","id":null,"timestamp":1780673774692}
{"source":"user-event","type":"click","text":"E\n      \n        Return Address / Stack Spoofing\n        Spoof call stack agar tidak terlihat berasal dari shellcode — bypass stack-based detection (Elastic, CrowdStrike).","choice":"stack_spoof","id":null,"timestamp":1780673775463}
{"source":"user-event","type":"click","text":"F\n      \n        Heap Encryption saat Sleep\n        Enkripsi heap region saat loader idle agar IOC berbasis heap tidak terdeteksi.","choice":"heap_encrypt","id":null,"timestamp":1780673776054}
{"source":"user-event","type":"click","text":"G\n      \n        Domain-Joined Check\n        Hanya eksekusi jika mesin bergabung ke domain Active Directory — sandbox biasanya tidak di-domain.","choice":"sandbox_domain","id":null,"timestamp":1780673777304}
{"source":"user-event","type":"click","text":"H\n      \n        User Interaction Check\n        Periksa mouse movement, jumlah proses, uptime, dan RAM sebelum eksekusi.","choice":"sandbox_user","id":null,"timestamp":1780673778930}
{"source":"user-event","type":"click","text":"H\n      \n        User Interaction Check\n        Periksa mouse movement, jumlah proses, uptime, dan RAM sebelum eksekusi.","choice":"sandbox_user","id":null,"timestamp":1780673780296}
{"source":"user-event","type":"click","text":"I\n      \n        PPID Spoofing\n        Spawn proses dengan parent process palsu (misal: explorer.exe) agar proses tidak tampak mencurigakan di process tree.","choice":"ppid_spoof","id":null,"timestamp":1780673786856}
{"source":"user-event","type":"click","text":"J\n      \n        AMSI Patch\n        Patch AmsiScanBuffer di memori untuk menonaktifkan AMSI scanning.","choice":"amsi_patch","id":null,"timestamp":1780673794006}
{"source":"user-event","type":"click","text":"K\n      \n        ETW Patch\n        Patch EtwEventWrite untuk mencegah event tracing ke EDR/Windows Defender.","choice":"etw_patch","id":null,"timestamp":1780673794621}
{"source":"user-event","type":"click","text":"L\n      \n        Hardware Breakpoint AMSI/ETW Bypass\n        Gunakan hardware debug registers (DR0-DR3) untuk intercept dan bypass AMSI/ETW tanpa modifikasi memori — lebih stealth dari patch.","choice":"hwbp_bypass","id":null,"timestamp":1780673795180}
{"source":"user-event","type":"click","text":"M\n      \n        PE Metadata Spoofing + Code Signing\n        Fake version info, company name, cert cloning dari binary legit (mirip fitur limelighter yang ada).","choice":"pe_spoof","id":null,"timestamp":1780673797173}
{"source":"user-event","type":"click","text":"N\n      \n        String & Import Obfuscation\n        Enkripsi string literal dan sembunyikan Windows API import menggunakan dynamic resolution (GetProcAddress hash).","choice":"string_obfu","id":null,"timestamp":1780673798955}
{"source":"user-event","type":"click","text":"O\n      \n        Staged Payload (download dari URL)\n        Payload tidak embed di loader — diunduh saat runtime dari URL yang dikonfigurasi, enkripsi AES/ChaCha20.","choice":"staged","id":null,"timestamp":1780673800929}
{"type":"screen-added","file":"/Users/salma/Documents/Research/DefCrow/.superpowers/brainstorm/25951-1780673608/content/approaches.html"}
{"source":"user-event","type":"click","text":"B\n    \n      Cargo Feature Flags (Rekomendasi)\n      Setiap teknik OPSEC adalah Cargo feature (--features amsi,etw,sleep-encrypt,direct-syscall). Web app memanggil cargo build dengan kombinasi feature yang dipilih. Kode loader bersih dan idiomatic Rust.\n      \n        ProKode loader paling bersih — conditional compilation dengan #[cfg(feature=...)]Mudah test tiap fitur secara independenBuild cache Cargo menghemat waktu untuk kombinasi yang sama\n        KontraButuh Rust toolchain di serverKombinasi fitur baru selalu rebuild dari awal","choice":"cargo_features","id":null,"timestamp":1780673950880}
{"type":"screen-added","file":"/Users/salma/Documents/Research/DefCrow/.superpowers/brainstorm/25951-1780673608/content/design-architecture.html"}
{"type":"screen-added","file":"/Users/salma/Documents/Research/DefCrow/.superpowers/brainstorm/25951-1780673608/content/modern-opsec-diff.html"}
{"type":"screen-added","file":"/Users/salma/Documents/Research/DefCrow/.superpowers/brainstorm/25951-1780673608/content/build-speed.html"}
{"source":"user-event","type":"click","text":"A\n    \n      Pre-compiled Scaffold + Thin Config (Rekomendasi)\n      Mirip cara ScareCrow kerja: semua modul OPSEC di-compile sekali jadi libscaffold.rlib. Tiap request hanya generate file konfigurasi tipis (~50 baris), lalu rustc config.rs --extern scaffold=libscaffold.rlib — link saja, tidak recompile semua modul.\n      \n        Timeline\n        \nServer startup:  cargo build semua modul → libscaffold.rlib  (~90s, sekali)\nPer request:     rustc config.rs --extern scaffold              (~5-12s)\nWarm cache:      sama → instan dari sccache                    (~1-2s)\n        \n      \n      \n        Pro5-12s per generate setelah warmupMirip pola ScareCrow (zip scaffold)sccache cache tiap kombinasi\n        KontraServer startup ~90s (sekali)","choice":"scaffold","id":null,"timestamp":1780674624729}
{"source":"user-event","type":"click","text":"A\n    \n      Pre-compiled Scaffold + Thin Config (Rekomendasi)\n      Mirip cara ScareCrow kerja: semua modul OPSEC di-compile sekali jadi libscaffold.rlib. Tiap request hanya generate file konfigurasi tipis (~50 baris), lalu rustc config.rs --extern scaffold=libscaffold.rlib — link saja, tidak recompile semua modul.\n      \n        Timeline\n        \nServer startup:  cargo build semua modul → libscaffold.rlib  (~90s, sekali)\nPer request:     rustc config.rs --extern scaffold              (~5-12s)\nWarm cache:      sama → instan dari sccache                    (~1-2s)\n        \n      \n      \n        Pro5-12s per generate setelah warmupMirip pola ScareCrow (zip scaffold)sccache cache tiap kombinasi\n        KontraServer startup ~90s (sekali)","choice":"scaffold","id":null,"timestamp":1780674635777}
{"type":"server-stopped","reason":"idle timeout"}
